This is pdfTeX, Version 3.141592653-2.6-1.40.26 (TeX Live 2024/Homebrew) (preloaded format=pdflatex 2024.10.30)  11 NOV 2024 14:46
entering extended mode
 restricted \write18 enabled.
 file:line:error style messages enabled.
 %&-line parsing enabled.
**"/home/fireblast/Usi/5th semester/EE/Experimentation-Evaluation/Assigment1/report/main.tex"
(/home/fireblast/Usi/5th semester/EE/Experimentation-Evaluation/Assigment1/report/main.tex
LaTeX2e <2023-11-01> patch level 1
L3 programming layer <2024-02-20>
(/home/linuxbrew/.linuxbrew/Cellar/texlive/20240312_3/share/texmf-dist/tex/latex/base/article.cls
Document Class: article 2023/05/17 v1.4n Standard LaTeX document class
(/home/linuxbrew/.linuxbrew/Cellar/texlive/20240312_3/share/texmf-dist/tex/latex/base/size10.clo
File: size10.clo 2023/05/17 v1.4n Standard LaTeX file (size option)
)
\c@part=\count188
\c@section=\count189
\c@subsection=\count190
\c@subsubsection=\count191
\c@paragraph=\count192
\c@subparagraph=\count193
\c@figure=\count194
\c@table=\count195
\abovecaptionskip=\skip48
\belowcaptionskip=\skip49
\bibindent=\dimen140
) (/home/linuxbrew/.linuxbrew/Cellar/texlive/20240312_3/share/texmf-dist/tex/latex/base/inputenc.sty
Package: inputenc 2021/02/14 v1.3d Input encoding file
\inpenc@prehook=\toks17
\inpenc@posthook=\toks18
) (/home/linuxbrew/.linuxbrew/Cellar/texlive/20240312_3/share/texmf-dist/tex/latex/amsmath/amsmath.sty
Package: amsmath 2023/05/13 v2.17o AMS math features
\@mathmargin=\skip50

For additional information on amsmath, use the `?' option.
(/home/linuxbrew/.linuxbrew/Cellar/texlive/20240312_3/share/texmf-dist/tex/latex/amsmath/amstext.sty
Package: amstext 2021/08/26 v2.01 AMS text
 (/home/linuxbrew/.linuxbrew/Cellar/texlive/20240312_3/share/texmf-dist/tex/latex/amsmath/amsgen.sty
File: amsgen.sty 1999/11/30 v2.0 generic functions
\@emptytoks=\toks19
\ex@=\dimen141
)) (/home/linuxbrew/.linuxbrew/Cellar/texlive/20240312_3/share/texmf-dist/tex/latex/amsmath/amsbsy.sty
Package: amsbsy 1999/11/29 v1.2d Bold Symbols
\pmbraise@=\dimen142
) (/home/linuxbrew/.linuxbrew/Cellar/texlive/20240312_3/share/texmf-dist/tex/latex/amsmath/amsopn.sty
Package: amsopn 2022/04/08 v2.04 operator names
)
\inf@bad=\count196
LaTeX Info: Redefining \frac on input line 234.
\uproot@=\count197
\leftroot@=\count198
LaTeX Info: Redefining \overline on input line 399.
LaTeX Info: Redefining \colon on input line 410.
\classnum@=\count199
\DOTSCASE@=\count266
LaTeX Info: Redefining \ldots on input line 496.
LaTeX Info: Redefining \dots on input line 499.
LaTeX Info: Redefining \cdots on input line 620.
\Mathstrutbox@=\box51
\strutbox@=\box52
LaTeX Info: Redefining \big on input line 722.
LaTeX Info: Redefining \Big on input line 723.
LaTeX Info: Redefining \bigg on input line 724.
LaTeX Info: Redefining \Bigg on input line 725.
\big@size=\dimen143
LaTeX Font Info:    Redeclaring font encoding OML on input line 743.
LaTeX Font Info:    Redeclaring font encoding OMS on input line 744.
\macc@depth=\count267
LaTeX Info: Redefining \bmod on input line 905.
LaTeX Info: Redefining \pmod on input line 910.
LaTeX Info: Redefining \smash on input line 940.
LaTeX Info: Redefining \relbar on input line 970.
LaTeX Info: Redefining \Relbar on input line 971.
\c@MaxMatrixCols=\count268
\dotsspace@=\muskip16
\c@parentequation=\count269
\dspbrk@lvl=\count270
\tag@help=\toks20
\row@=\count271
\column@=\count272
\maxfields@=\count273
\andhelp@=\toks21
\eqnshift@=\dimen144
\alignsep@=\dimen145
\tagshift@=\dimen146
\tagwidth@=\dimen147
\totwidth@=\dimen148
\lineht@=\dimen149
\@envbody=\toks22
\multlinegap=\skip51
\multlinetaggap=\skip52
\mathdisplay@stack=\toks23
LaTeX Info: Redefining \[ on input line 2953.
LaTeX Info: Redefining \] on input line 2954.
) (/home/linuxbrew/.linuxbrew/Cellar/texlive/20240312_3/share/texmf-dist/tex/latex/graphics/graphicx.sty
Package: graphicx 2021/09/16 v1.2d Enhanced LaTeX Graphics (DPC,SPQR)
 (/home/linuxbrew/.linuxbrew/Cellar/texlive/20240312_3/share/texmf-dist/tex/latex/graphics/keyval.sty
Package: keyval 2022/05/29 v1.15 key=value parser (DPC)
\KV@toks@=\toks24
) (/home/linuxbrew/.linuxbrew/Cellar/texlive/20240312_3/share/texmf-dist/tex/latex/graphics/graphics.sty
Package: graphics 2022/03/10 v1.4e Standard LaTeX Graphics (DPC,SPQR)
 (/home/linuxbrew/.linuxbrew/Cellar/texlive/20240312_3/share/texmf-dist/tex/latex/graphics/trig.sty
Package: trig 2021/08/11 v1.11 sin cos tan (DPC)
) (/home/linuxbrew/.linuxbrew/Cellar/texlive/20240312_3/share/texmf-dist/tex/latex/graphics-cfg/graphics.cfg
File: graphics.cfg 2016/06/04 v1.11 sample graphics configuration
)
Package graphics Info: Driver file: pdftex.def on input line 107.
 (/home/linuxbrew/.linuxbrew/Cellar/texlive/20240312_3/share/texmf-dist/tex/latex/graphics-def/pdftex.def
File: pdftex.def 2022/09/22 v1.2b Graphics/color driver for pdftex
))
\Gin@req@height=\dimen150
\Gin@req@width=\dimen151
) (/home/linuxbrew/.linuxbrew/Cellar/texlive/20240312_3/share/texmf-dist/tex/latex/amsfonts/amssymb.sty
Package: amssymb 2013/01/14 v3.01 AMS font symbols
 (/home/linuxbrew/.linuxbrew/Cellar/texlive/20240312_3/share/texmf-dist/tex/latex/amsfonts/amsfonts.sty
Package: amsfonts 2013/01/14 v3.01 Basic AMSFonts support
\symAMSa=\mathgroup4
\symAMSb=\mathgroup5
LaTeX Font Info:    Redeclaring math symbol \hbar on input line 98.
LaTeX Font Info:    Overwriting math alphabet `\mathfrak' in version `bold'
(Font)                  U/euf/m/n --> U/euf/b/n on input line 106.
)) (/home/linuxbrew/.linuxbrew/Cellar/texlive/20240312_3/share/texmf-dist/tex/latex/caption/subcaption.sty
Package: subcaption 2023/07/28 v1.6b Sub-captions (AR)
 (/home/linuxbrew/.linuxbrew/Cellar/texlive/20240312_3/share/texmf-dist/tex/latex/caption/caption.sty
Package: caption 2023/08/05 v3.6o Customizing captions (AR)
 (/home/linuxbrew/.linuxbrew/Cellar/texlive/20240312_3/share/texmf-dist/tex/latex/caption/caption3.sty
Package: caption3 2023/07/31 v2.4d caption3 kernel (AR)
\caption@tempdima=\dimen152
\captionmargin=\dimen153
\caption@leftmargin=\dimen154
\caption@rightmargin=\dimen155
\caption@width=\dimen156
\caption@indent=\dimen157
\caption@parindent=\dimen158
\caption@hangindent=\dimen159
Package caption Info: Standard document class detected.
)
\c@caption@flags=\count274
\c@continuedfloat=\count275
)
Package caption Info: New subtype `subfigure' on input line 238.
\c@subfigure=\count276
Package caption Info: New subtype `subtable' on input line 238.
\c@subtable=\count277
) (/home/linuxbrew/.linuxbrew/Cellar/texlive/20240312_3/share/texmf-dist/tex/latex/placeins/placeins.sty
Package: placeins 2005/04/18  v 2.2
) (/home/linuxbrew/.linuxbrew/Cellar/texlive/20240312_3/share/texmf-dist/tex/latex/url/url.sty
\Urlmuskip=\muskip17
Package: url 2013/09/16  ver 3.4  Verb mode for urls, etc.
) (/home/linuxbrew/.linuxbrew/Cellar/texlive/20240312_3/share/texmf-dist/tex/latex/geometry/geometry.sty
Package: geometry 2020/01/02 v5.9 Page Geometry
 (/home/linuxbrew/.linuxbrew/Cellar/texlive/20240312_3/share/texmf-dist/tex/generic/iftex/ifvtex.sty
Package: ifvtex 2019/10/25 v1.7 ifvtex legacy package. Use iftex instead.
 (/home/linuxbrew/.linuxbrew/Cellar/texlive/20240312_3/share/texmf-dist/tex/generic/iftex/iftex.sty
Package: iftex 2022/02/03 v1.0f TeX engine tests
))
\Gm@cnth=\count278
\Gm@cntv=\count279
\c@Gm@tempcnt=\count280
\Gm@bindingoffset=\dimen160
\Gm@wd@mp=\dimen161
\Gm@odd@mp=\dimen162
\Gm@even@mp=\dimen163
\Gm@layoutwidth=\dimen164
\Gm@layoutheight=\dimen165
\Gm@layouthoffset=\dimen166
\Gm@layoutvoffset=\dimen167
\Gm@dimlist=\toks25
) (/home/linuxbrew/.linuxbrew/Cellar/texlive/20240312_3/share/texmf-dist/tex/latex/l3backend/l3backend-pdftex.def
File: l3backend-pdftex.def 2024-02-20 L3 backend support: PDF output (pdfTeX)
\l__color_backend_stack_int=\count281
\l__pdf_internal_box=\box53
) (./main.aux

LaTeX Warning: Label `fig:avg1000sort' multiply defined.


LaTeX Warning: Label `sub@fig:avg1000sort' multiply defined.


LaTeX Warning: Label `fig:avg10000sort' multiply defined.


LaTeX Warning: Label `sub@fig:avg10000sort' multiply defined.

)
\openout1 = `main.aux'.

LaTeX Font Info:    Checking defaults for OML/cmm/m/it on input line 15.
LaTeX Font Info:    ... okay on input line 15.
LaTeX Font Info:    Checking defaults for OMS/cmsy/m/n on input line 15.
LaTeX Font Info:    ... okay on input line 15.
LaTeX Font Info:    Checking defaults for OT1/cmr/m/n on input line 15.
LaTeX Font Info:    ... okay on input line 15.
LaTeX Font Info:    Checking defaults for T1/cmr/m/n on input line 15.
LaTeX Font Info:    ... okay on input line 15.
LaTeX Font Info:    Checking defaults for TS1/cmr/m/n on input line 15.
LaTeX Font Info:    ... okay on input line 15.
LaTeX Font Info:    Checking defaults for OMX/cmex/m/n on input line 15.
LaTeX Font Info:    ... okay on input line 15.
LaTeX Font Info:    Checking defaults for U/cmr/m/n on input line 15.
LaTeX Font Info:    ... okay on input line 15.
 (/home/linuxbrew/.linuxbrew/Cellar/texlive/20240312_3/share/texmf-dist/tex/context/base/mkii/supp-pdf.mkii
[Loading MPS to PDF converter (version 2006.09.02).]
\scratchcounter=\count282
\scratchdimen=\dimen168
\scratchbox=\box54
\nofMPsegments=\count283
\nofMParguments=\count284
\everyMPshowfont=\toks26
\MPscratchCnt=\count285
\MPscratchDim=\dimen169
\MPnumerator=\count286
\makeMPintoPDFobject=\count287
\everyMPtoPDFconversion=\toks27
) (/home/linuxbrew/.linuxbrew/Cellar/texlive/20240312_3/share/texmf-dist/tex/latex/epstopdf-pkg/epstopdf-base.sty
Package: epstopdf-base 2020-01-24 v2.11 Base part for package epstopdf
Package epstopdf-base Info: Redefining graphics rule for `.eps' on input line 485.
 (/home/linuxbrew/.linuxbrew/Cellar/texlive/20240312_3/share/texmf-dist/tex/latex/latexconfig/epstopdf-sys.cfg
File: epstopdf-sys.cfg 2010/07/13 v1.3 Configuration of (r)epstopdf for TeX Live
))
Package caption Info: Begin \AtBeginDocument code.
Package caption Info: End \AtBeginDocument code.

*geometry* driver: auto-detecting
*geometry* detected driver: pdftex
*geometry* verbose mode - [ preamble ] result:
* driver: pdftex
* paper: a4paper
* layout: <same size as paper>
* layoutoffset:(h,v)=(0.0pt,0.0pt)
* modes: 
* h-part:(L,W,R)=(57.81621pt, 481.87546pt, 57.81621pt)
* v-part:(T,H,B)=(57.81621pt, 729.41443pt, 57.81621pt)
* \paperwidth=597.50787pt
* \paperheight=845.04684pt
* \textwidth=481.87546pt
* \textheight=729.41443pt
* \oddsidemargin=-14.45378pt
* \evensidemargin=-14.45378pt
* \topmargin=-51.45378pt
* \headheight=12.0pt
* \headsep=25.0pt
* \topskip=10.0pt
* \footskip=30.0pt
* \marginparwidth=65.0pt
* \marginparsep=11.0pt
* \columnsep=10.0pt
* \skip\footins=9.0pt plus 4.0pt minus 2.0pt
* \hoffset=0.0pt
* \voffset=0.0pt
* \mag=1000
* \@twocolumnfalse
* \@twosidefalse
* \@mparswitchfalse
* \@reversemarginfalse
* (1in=72.27pt=25.4mm, 1cm=28.453pt)

LaTeX Font Info:    Trying to load font information for U+msa on input line 17.
(/home/linuxbrew/.linuxbrew/Cellar/texlive/20240312_3/share/texmf-dist/tex/latex/amsfonts/umsa.fd
File: umsa.fd 2013/01/14 v3.01 AMS symbols A
)
LaTeX Font Info:    Trying to load font information for U+msb on input line 17.
 (/home/linuxbrew/.linuxbrew/Cellar/texlive/20240312_3/share/texmf-dist/tex/latex/amsfonts/umsb.fd
File: umsb.fd 2013/01/14 v3.01 AMS symbols B
) [1

{/home/linuxbrew/.linuxbrew/Cellar/texlive/20240312_3/share/texmf-dist/fonts/map/pdftex/updmap/pdftex.map}{/home/linuxbrew/.linuxbrew/Cellar/texlive/20240312_3/share/texmf-dist/fonts/enc/dvips/cm-super/cm-super-ts1.enc}] [2]
<MultiFactorDesign.png, id=21, 1054.94125pt x 319.1925pt>
File: MultiFactorDesign.png Graphic file (type png)
<use MultiFactorDesign.png>
Package pdftex.def Info: MultiFactorDesign.png  used on input line 130.
(pdftex.def)             Requested size: 481.87546pt x 145.79778pt.
 [3 <./MultiFactorDesign.png>]
<avg1000rand.png, id=27, 2130.96124pt x 1245.65375pt>
File: avg1000rand.png Graphic file (type png)
<use avg1000rand.png>
Package pdftex.def Info: avg1000rand.png  used on input line 177.
(pdftex.def)             Requested size: 337.31134pt x 197.16086pt.
<avg1000sort.png, id=28, 2129.9575pt x 1244.65pt>
File: avg1000sort.png Graphic file (type png)
<use avg1000sort.png>
Package pdftex.def Info: avg1000sort.png  used on input line 182.
(pdftex.def)             Requested size: 216.84248pt x 126.71332pt.
<avg1000rev.png, id=29, 2129.9575pt x 1244.65pt>
File: avg1000rev.png Graphic file (type png)
<use avg1000rev.png>
Package pdftex.def Info: avg1000rev.png  used on input line 188.
(pdftex.def)             Requested size: 216.84248pt x 126.71332pt.
<avg10000rand.png, id=30, 2129.9575pt x 1244.65pt>
File: avg10000rand.png Graphic file (type png)
<use avg10000rand.png>
Package pdftex.def Info: avg10000rand.png  used on input line 199.
(pdftex.def)             Requested size: 337.31134pt x 197.09695pt.
<avg10000sort.png, id=31, 2129.9575pt x 1244.65pt>
File: avg10000sort.png Graphic file (type png)
<use avg10000sort.png>
Package pdftex.def Info: avg10000sort.png  used on input line 204.
(pdftex.def)             Requested size: 216.84248pt x 126.71332pt.
<avg10000rev.png, id=32, 2129.9575pt x 1244.65pt>
File: avg10000rev.png Graphic file (type png)
<use avg10000rev.png>
Package pdftex.def Info: avg10000rev.png  used on input line 210.
(pdftex.def)             Requested size: 216.84248pt x 126.71332pt.


LaTeX Warning: `!h' float specifier changed to `!ht'.

[4 <./avg1000rand.png> <./avg1000sort.png> <./avg1000rev.png>]
<int1000rand-stat.png, id=40, 680.5425pt x 161.60374pt>
File: int1000rand-stat.png Graphic file (type png)
<use int1000rand-stat.png>
Package pdftex.def Info: int1000rand-stat.png  used on input line 224.
(pdftex.def)             Requested size: 361.40659pt x 85.81972pt.
<int1000sort-stat.png, id=41, 680.5425pt x 161.60374pt>
File: int1000sort-stat.png Graphic file (type png)
<use int1000sort-stat.png>
Package pdftex.def Info: int1000sort-stat.png  used on input line 230.
(pdftex.def)             Requested size: 361.40659pt x 85.81972pt.
<int1000rev-stat.png, id=42, 680.5425pt x 161.60374pt>
File: int1000rev-stat.png Graphic file (type png)
<use int1000rev-stat.png>
Package pdftex.def Info: int1000rev-stat.png  used on input line 236.
(pdftex.def)             Requested size: 361.40659pt x 85.81972pt.
<int10000rand-stat.png, id=43, 680.5425pt x 161.60374pt>
File: int10000rand-stat.png Graphic file (type png)
<use int10000rand-stat.png>
Package pdftex.def Info: int10000rand-stat.png  used on input line 242.
(pdftex.def)             Requested size: 361.40659pt x 85.81972pt.
<int10000sort-stat.png, id=44, 680.5425pt x 161.60374pt>
File: int10000sort-stat.png Graphic file (type png)
<use int10000sort-stat.png>
Package pdftex.def Info: int10000sort-stat.png  used on input line 248.
(pdftex.def)             Requested size: 361.40659pt x 85.81972pt.
<int10000rev-stat.png, id=45, 680.5425pt x 161.60374pt>
File: int10000rev-stat.png Graphic file (type png)
<use int10000rev-stat.png>
Package pdftex.def Info: int10000rev-stat.png  used on input line 254.
(pdftex.def)             Requested size: 361.40659pt x 85.81972pt.
<char1000rand-stat.png, id=46, 680.5425pt x 161.60374pt>
File: char1000rand-stat.png Graphic file (type png)
<use char1000rand-stat.png>
Package pdftex.def Info: char1000rand-stat.png  used on input line 260.
(pdftex.def)             Requested size: 361.40659pt x 85.81972pt.
<char1000sort-stat.png, id=47, 680.5425pt x 161.60374pt>
File: char1000sort-stat.png Graphic file (type png)
<use char1000sort-stat.png>
Package pdftex.def Info: char1000sort-stat.png  used on input line 266.
(pdftex.def)             Requested size: 361.40659pt x 85.81972pt.
<char1000rev-stat.png, id=48, 680.5425pt x 161.60374pt>
File: char1000rev-stat.png Graphic file (type png)
<use char1000rev-stat.png>
Package pdftex.def Info: char1000rev-stat.png  used on input line 272.
(pdftex.def)             Requested size: 361.40659pt x 85.81972pt.
<char10000rand-stat.png, id=49, 680.5425pt x 161.60374pt>
File: char10000rand-stat.png Graphic file (type png)
<use char10000rand-stat.png>
Package pdftex.def Info: char10000rand-stat.png  used on input line 278.
(pdftex.def)             Requested size: 361.40659pt x 85.81972pt.
<char10000sort-stat.png, id=50, 680.5425pt x 161.60374pt>
File: char10000sort-stat.png Graphic file (type png)
<use char10000sort-stat.png>
Package pdftex.def Info: char10000sort-stat.png  used on input line 284.
(pdftex.def)             Requested size: 361.40659pt x 85.81972pt.
<char10000rev-stat.png, id=51, 680.5425pt x 161.60374pt>
File: char10000rev-stat.png Graphic file (type png)
<use char10000rev-stat.png>
Package pdftex.def Info: char10000rev-stat.png  used on input line 290.
(pdftex.def)             Requested size: 361.40659pt x 85.81972pt.
<bool1000rand-stat.png, id=52, 680.5425pt x 161.60374pt>
File: bool1000rand-stat.png Graphic file (type png)
<use bool1000rand-stat.png>
Package pdftex.def Info: bool1000rand-stat.png  used on input line 296.
(pdftex.def)             Requested size: 361.40659pt x 85.81972pt.
<bool1000sort-stat.png, id=53, 680.5425pt x 161.60374pt>
File: bool1000sort-stat.png Graphic file (type png)
<use bool1000sort-stat.png>
Package pdftex.def Info: bool1000sort-stat.png  used on input line 302.
(pdftex.def)             Requested size: 361.40659pt x 85.81972pt.
<bool1000rev-stat.png, id=54, 680.5425pt x 161.60374pt>
File: bool1000rev-stat.png Graphic file (type png)
<use bool1000rev-stat.png>
Package pdftex.def Info: bool1000rev-stat.png  used on input line 308.
(pdftex.def)             Requested size: 361.40659pt x 85.81972pt.
<bool10000rand-stat.png, id=55, 686.565pt x 161.60374pt>
File: bool10000rand-stat.png Graphic file (type png)
<use bool10000rand-stat.png>
Package pdftex.def Info: bool10000rand-stat.png  used on input line 314.
(pdftex.def)             Requested size: 361.40659pt x 85.06763pt.
<bool10000sort-stat.png, id=56, 686.565pt x 161.60374pt>
File: bool10000sort-stat.png Graphic file (type png)
<use bool10000sort-stat.png>
Package pdftex.def Info: bool10000sort-stat.png  used on input line 320.
(pdftex.def)             Requested size: 361.40659pt x 85.06763pt.
<bool10000rev-stat.png, id=57, 686.565pt x 161.60374pt>
File: bool10000rev-stat.png Graphic file (type png)
<use bool10000rev-stat.png>
Package pdftex.def Info: bool10000rev-stat.png  used on input line 326.
(pdftex.def)             Requested size: 361.40659pt x 85.06763pt.


LaTeX Warning: `!h' float specifier changed to `!ht'.


LaTeX Warning: `!h' float specifier changed to `!ht'.


LaTeX Warning: `!h' float specifier changed to `!ht'.


LaTeX Warning: `!h' float specifier changed to `!ht'.


LaTeX Warning: `!h' float specifier changed to `!ht'.


LaTeX Warning: `!h' float specifier changed to `!ht'.


LaTeX Warning: `!h' float specifier changed to `!ht'.


LaTeX Warning: `!h' float specifier changed to `!ht'.


LaTeX Warning: `!h' float specifier changed to `!ht'.


LaTeX Warning: `!h' float specifier changed to `!ht'.


LaTeX Warning: `!h' float specifier changed to `!ht'.


LaTeX Warning: `!h' float specifier changed to `!ht'.


LaTeX Warning: `!h' float specifier changed to `!ht'.


LaTeX Warning: `!h' float specifier changed to `!ht'.


LaTeX Warning: `!h' float specifier changed to `!ht'.


LaTeX Warning: `!h' float specifier changed to `!ht'.

[5 <./avg10000rand.png> <./avg10000sort.png> <./avg10000rev.png> <./int1000rand-stat.png> <./int1000sort-stat.png>]

LaTeX Warning: Text page 6 contains only floats.

[6 <./int1000rev-stat.png> <./int10000rand-stat.png> <./int10000sort-stat.png> <./int10000rev-stat.png> <./char1000rand-stat.png> <./char1000sort-stat.png>]

LaTeX Warning: Text page 7 contains only floats.

[7 <./char1000rev-stat.png> <./char10000rand-stat.png> <./char10000sort-stat.png> <./char10000rev-stat.png> <./bool1000rand-stat.png> <./bool1000sort-stat.png>] [8 <./bool1000rev-stat.png> <./bool10000rand-stat.png> <./bool10000sort-stat.png> <./bool10000rev-stat.png>]
Underfull \hbox (badness 10000) in paragraph at lines 336--337

 []


Underfull \hbox (badness 10000) in paragraph at lines 338--339

 []


Underfull \hbox (badness 10000) in paragraph at lines 344--346

 []

[9

]
Underfull \hbox (badness 10000) in paragraph at lines 362--363

 []


Underfull \hbox (badness 10000) in paragraph at lines 366--367

 []

[10]
<warmup_avg_1000.png, id=80, 968.418pt x 541.5432pt>
File: warmup_avg_1000.png Graphic file (type png)
<use warmup_avg_1000.png>
Package pdftex.def Info: warmup_avg_1000.png  used on input line 383.
(pdftex.def)             Requested size: 361.40659pt x 202.09486pt.
<int_1000_random.png, id=81, 968.418pt x 513.117pt>
File: int_1000_random.png Graphic file (type png)
<use int_1000_random.png>
Package pdftex.def Info: int_1000_random.png  used on input line 392.
(pdftex.def)             Requested size: 337.31134pt x 178.72456pt.
<int_1000_sorted.png, id=82, 968.418pt x 513.117pt>
File: int_1000_sorted.png Graphic file (type png)
<use int_1000_sorted.png>
Package pdftex.def Info: int_1000_sorted.png  used on input line 399.
(pdftex.def)             Requested size: 337.31134pt x 178.72456pt.


LaTeX Warning: `!h' float specifier changed to `!ht'.

<int_1000_reverse_sorted.png, id=83, 968.418pt x 512.6352pt>
File: int_1000_reverse_sorted.png Graphic file (type png)
<use int_1000_reverse_sorted.png>
Package pdftex.def Info: int_1000_reverse_sorted.png  used on input line 406.
(pdftex.def)             Requested size: 337.31134pt x 178.55673pt.

LaTeX Warning: `!h' float specifier changed to `!ht'.

<int_10000_random.png, id=84, 967.9362pt x 513.117pt>
File: int_10000_random.png Graphic file (type png)
<use int_10000_random.png>
Package pdftex.def Info: int_10000_random.png  used on input line 413.
(pdftex.def)             Requested size: 337.31134pt x 178.81851pt.

LaTeX Warning: `!h' float specifier changed to `!ht'.

<int_10000_sorted.png, id=85, 968.418pt x 513.117pt>
File: int_10000_sorted.png Graphic file (type png)
<use int_10000_sorted.png>
Package pdftex.def Info: int_10000_sorted.png  used on input line 420.
(pdftex.def)             Requested size: 337.31134pt x 178.72456pt.

LaTeX Warning: `!h' float specifier changed to `!ht'.

<int_10000_reverse_sorted.png, id=86, 968.418pt x 513.117pt>
File: int_10000_reverse_sorted.png Graphic file (type png)
<use int_10000_reverse_sorted.png>
Package pdftex.def Info: int_10000_reverse_sorted.png  used on input line 427.
(pdftex.def)             Requested size: 337.31134pt x 178.72456pt.

LaTeX Warning: `!h' float specifier changed to `!ht'.

<char_1000_random.png, id=87, 968.418pt x 513.117pt>
File: char_1000_random.png Graphic file (type png)
<use char_1000_random.png>
Package pdftex.def Info: char_1000_random.png  used on input line 436.
(pdftex.def)             Requested size: 337.31134pt x 178.72456pt.

LaTeX Warning: `!h' float specifier changed to `!ht'.

<char_1000_sorted.png, id=88, 968.418pt x 513.117pt>
File: char_1000_sorted.png Graphic file (type png)
<use char_1000_sorted.png>
Package pdftex.def Info: char_1000_sorted.png  used on input line 443.
(pdftex.def)             Requested size: 337.31134pt x 178.72456pt.

LaTeX Warning: `!h' float specifier changed to `!ht'.

<char_1000_reverse_sorted.png, id=89, 968.418pt x 513.117pt>
File: char_1000_reverse_sorted.png Graphic file (type png)
<use char_1000_reverse_sorted.png>
Package pdftex.def Info: char_1000_reverse_sorted.png  used on input line 450.
(pdftex.def)             Requested size: 337.31134pt x 178.72456pt.

LaTeX Warning: `!h' float specifier changed to `!ht'.

<char_10000_random.png, id=90, 967.9362pt x 513.117pt>
File: char_10000_random.png Graphic file (type png)
<use char_10000_random.png>
Package pdftex.def Info: char_10000_random.png  used on input line 457.
(pdftex.def)             Requested size: 337.31134pt x 178.81851pt.

LaTeX Warning: `!h' float specifier changed to `!ht'.

<char_10000_sorted.png, id=91, 968.418pt x 513.117pt>
File: char_10000_sorted.png Graphic file (type png)
<use char_10000_sorted.png>
Package pdftex.def Info: char_10000_sorted.png  used on input line 464.
(pdftex.def)             Requested size: 337.31134pt x 178.72456pt.

LaTeX Warning: `!h' float specifier changed to `!ht'.

<char_10000_reverse_sorted.png, id=92, 968.418pt x 513.117pt>
File: char_10000_reverse_sorted.png Graphic file (type png)
<use char_10000_reverse_sorted.png>
Package pdftex.def Info: char_10000_reverse_sorted.png  used on input line 471.
(pdftex.def)             Requested size: 337.31134pt x 178.72456pt.

LaTeX Warning: `!h' float specifier changed to `!ht'.

<bool_1000_random.png, id=93, 967.9362pt x 513.117pt>
File: bool_1000_random.png Graphic file (type png)
<use bool_1000_random.png>
Package pdftex.def Info: bool_1000_random.png  used on input line 480.
(pdftex.def)             Requested size: 337.31134pt x 178.81851pt.

LaTeX Warning: `!h' float specifier changed to `!ht'.

<bool_1000_sorted.png, id=94, 968.418pt x 513.117pt>
File: bool_1000_sorted.png Graphic file (type png)
<use bool_1000_sorted.png>
Package pdftex.def Info: bool_1000_sorted.png  used on input line 487.
(pdftex.def)             Requested size: 337.31134pt x 178.72456pt.

LaTeX Warning: `!h' float specifier changed to `!ht'.

<bool_1000_reverse_sorted.png, id=95, 968.418pt x 513.117pt>
File: bool_1000_reverse_sorted.png Graphic file (type png)
<use bool_1000_reverse_sorted.png>
Package pdftex.def Info: bool_1000_reverse_sorted.png  used on input line 494.
(pdftex.def)             Requested size: 337.31134pt x 178.72456pt.

LaTeX Warning: `!h' float specifier changed to `!ht'.

<bool_10000_random.png, id=96, 968.418pt x 513.117pt>
File: bool_10000_random.png Graphic file (type png)
<use bool_10000_random.png>
Package pdftex.def Info: bool_10000_random.png  used on input line 501.
(pdftex.def)             Requested size: 337.31134pt x 178.72456pt.

LaTeX Warning: `!h' float specifier changed to `!ht'.

<bool_10000_sorted.png, id=97, 968.418pt x 513.117pt>
File: bool_10000_sorted.png Graphic file (type png)
<use bool_10000_sorted.png>
Package pdftex.def Info: bool_10000_sorted.png  used on input line 508.
(pdftex.def)             Requested size: 337.31134pt x 178.72456pt.

LaTeX Warning: `!h' float specifier changed to `!ht'.

<bool_10000_reverse_sorted.png, id=98, 968.418pt x 513.117pt>
File: bool_10000_reverse_sorted.png Graphic file (type png)
<use bool_10000_reverse_sorted.png>
Package pdftex.def Info: bool_10000_reverse_sorted.png  used on input line 515.
(pdftex.def)             Requested size: 337.31134pt x 178.72456pt.

LaTeX Warning: `!h' float specifier changed to `!ht'.

[11 <./warmup_avg_1000.png> <./int_1000_random.png>] [12 <./int_1000_sorted.png> <./int_1000_reverse_sorted.png> <./int_10000_random.png>] [13 <./int_10000_sorted.png> <./int_10000_reverse_sorted.png> <./char_1000_random.png>] [14 <./char_1000_sorted.png> <./char_1000_reverse_sorted.png> <./char_10000_random.png>] [15 <./char_10000_sorted.png> <./char_10000_reverse_sorted.png> <./bool_1000_random.png>] [16 <./bool_1000_sorted.png> <./bool_1000_reverse_sorted.png> <./bool_10000_random.png>] [17 <./bool_10000_sorted.png> <./bool_10000_reverse_sorted.png>] (./main.aux)
 ***********
LaTeX2e <2023-11-01> patch level 1
L3 programming layer <2024-02-20>
 ***********


LaTeX Warning: There were multiply-defined labels.

 ) 
Here is how much of TeX's memory you used:
 5080 strings out of 474116
 88452 string characters out of 5726073
 1939187 words of memory out of 5000000
 27403 multiletter control sequences out of 15000+600000
 567080 words of font info for 71 fonts, out of 8000000 for 9000
 1141 hyphenation exceptions out of 8191
 67i,9n,77p,1016b,490s stack positions out of 10000i,1000n,20000p,200000b,200000s
</home/linuxbrew/.linuxbrew/Cellar/texlive/20240312_3/share/texmf-dist/fonts/type1/public/amsfonts/cm/cmbx10.pfb></home/linuxbrew/.linuxbrew/Cellar/texlive/20240312_3/share/texmf-dist/fonts/type1/public/amsfonts/cm/cmbx12.pfb></home/linuxbrew/.linuxbrew/Cellar/texlive/20240312_3/share/texmf-dist/fonts/type1/public/amsfonts/cm/cmmi10.pfb></home/linuxbrew/.linuxbrew/Cellar/texlive/20240312_3/share/texmf-dist/fonts/type1/public/amsfonts/cm/cmr10.pfb></home/linuxbrew/.linuxbrew/Cellar/texlive/20240312_3/share/texmf-dist/fonts/type1/public/amsfonts/cm/cmr12.pfb></home/linuxbrew/.linuxbrew/Cellar/texlive/20240312_3/share/texmf-dist/fonts/type1/public/amsfonts/cm/cmr17.pfb></home/linuxbrew/.linuxbrew/Cellar/texlive/20240312_3/share/texmf-dist/fonts/type1/public/amsfonts/cm/cmr7.pfb></home/linuxbrew/.linuxbrew/Cellar/texlive/20240312_3/share/texmf-dist/fonts/type1/public/amsfonts/cm/cmr9.pfb></home/linuxbrew/.linuxbrew/Cellar/texlive/20240312_3/share/texmf-dist/fonts/type1/public/amsfonts/cm/cmsy10.pfb></home/linuxbrew/.linuxbrew/Cellar/texlive/20240312_3/share/texmf-dist/fonts/type1/public/amsfonts/cm/cmti10.pfb></home/linuxbrew/.linuxbrew/Cellar/texlive/20240312_3/share/texmf-dist/fonts/type1/public/amsfonts/cm/cmtt10.pfb></home/linuxbrew/.linuxbrew/Cellar/texlive/20240312_3/share/texmf-dist/fonts/type1/public/amsfonts/symbols/msam10.pfb></home/linuxbrew/.linuxbrew/Cellar/texlive/20240312_3/share/texmf-dist/fonts/type1/public/cm-super/sfrm1000.pfb>
Output written on main.pdf (17 pages, 1720134 bytes).
PDF statistics:
 196 PDF objects out of 1000 (max. 8388607)
 80 compressed objects within 1 object stream
 0 named destinations out of 1000 (max. 500000)
 221 words of extra memory for PDF output out of 10000 (max. 10000000)

